<?xml version="1.0" encoding="UTF-8"?>
<!-- Generated by org.testng.reporters.JUnitReportReporter -->
<testsuite hostname="DESKTOP-FDM8T73" failures="0" tests="1" name="com.browserstack.BStackDemoTest" time="19.994" errors="0" timestamp="2024-12-28T13:15:24 IST" skipped="0">
  <testcase classname="com.browserstack.BStackDemoTest" name="main" time="19.994"/>
</testsuite> <!-- com.browserstack.BStackDemoTest -->
